<?xml version="1.0" encoding="UTF-8"?>
<!-- Generated by org.testng.reporters.JUnitXMLReporter -->
<testsuite ignored="6" hostname="CESIT-LAP-0135" failures="0" tests="4" name="Appium-TestPackage" time="92.024" errors="0" timestamp="2021-10-06T16:44:12 IST">
  <testcase classname="testCase.ApkInfo" name="ApkinfoMain" time="15.674"/>
  <testcase classname="testCase.AzamTv" name="AzamTV_MovieSearch" time="20.283"/>
  <testcase classname="testCase.AzamTv" name="AzamTV_Registeration" time="33.036"/>
  <testcase classname="testCase.ChromeBrowser" name="AmazonProductSearch" time="21.608"/>
  <testcase classname="util.Common.BaseClass" name="@BeforeSuite setup" time="0.0">
    <ignored/>
  </testcase> <!-- @BeforeSuite setup -->
  <testcase classname="util.Common.BaseClass" name="@BeforeSuite setup" time="0.0">
    <ignored/>
  </testcase> <!-- @BeforeSuite setup -->
  <testcase classname="util.Common.BaseClass" name="@BeforeSuite setup" time="0.0">
    <ignored/>
  </testcase> <!-- @BeforeSuite setup -->
  <testcase classname="util.Common.BaseClass" name="@AfterSuite tearDown" time="0.0">
    <ignored/>
  </testcase> <!-- @AfterSuite tearDown -->
  <testcase classname="util.Common.BaseClass" name="@AfterSuite tearDown" time="0.0">
    <ignored/>
  </testcase> <!-- @AfterSuite tearDown -->
  <testcase classname="util.Common.BaseClass" name="@AfterSuite tearDown" time="0.0">
    <ignored/>
  </testcase> <!-- @AfterSuite tearDown -->
</testsuite> <!-- Appium-TestPackage -->
