<?xml version="1.0" encoding="UTF-8"?>
<!-- Generated by org.testng.reporters.JUnitXMLReporter -->
<testsuite ignored="4" hostname="CESIT-LAP-0135" failures="0" tests="4" name="Appium-TestPackage" time="160.247" errors="0" timestamp="2021-10-14T20:52:51 IST">
  <testcase classname="testCase.ApkInfo" name="ApkinfoMain" time="27.924"/>
  <testcase classname="testCase.AzamTv" name="AzamTV_MovieSearch" time="41.693"/>
  <testcase classname="testCase.AzamTv" name="AzamTV_Registeration" time="53.106"/>
  <testcase classname="testCase.ChromeBrowser" name="AmazonProductSearch" time="34.96"/>
  <testcase classname="util.Common.BaseClass" name="@BeforeSuite setup" time="0.0">
    <ignored/>
  </testcase> <!-- @BeforeSuite setup -->
  <testcase classname="util.Common.BaseClass" name="@BeforeSuite setup" time="0.0">
    <ignored/>
  </testcase> <!-- @BeforeSuite setup -->
  <testcase classname="util.Common.BaseClass" name="@AfterSuite tearDown" time="0.0">
    <ignored/>
  </testcase> <!-- @AfterSuite tearDown -->
  <testcase classname="util.Common.BaseClass" name="@AfterSuite tearDown" time="0.0">
    <ignored/>
  </testcase> <!-- @AfterSuite tearDown -->
</testsuite> <!-- Appium-TestPackage -->
