<?xml version="1.0" encoding="UTF-8"?>
<!-- Generated by org.testng.reporters.JUnitXMLReporter -->
<testsuite ignored="1" hostname="CESIT-LAP-0409" failures="0" tests="1" name="Default test" time="97.246" errors="0" timestamp="2022-12-21T16:52:29 IST">
  <testcase classname="testCase.AzamTv" name="AzamTV_Registeration" time="96.829"/>
  <testcase classname="testCase.AzamTv" name="AzamTV_MovieSearch" time="0.0">
    <ignored/>
  </testcase> <!-- AzamTV_MovieSearch -->
</testsuite> <!-- Default test -->
