<?xml version="1.0" encoding="UTF-8"?>
<!-- Generated by org.testng.reporters.JUnitXMLReporter -->
<testsuite ignored="6" hostname="CESIT-LAP-0135" failures="0" tests="4" name="Test" time="168.22" errors="0" timestamp="2021-10-04T18:46:26 IST">
  <testcase classname="testCase.ApkInfo" name="ApkinfoMain" time="35.915"/>
  <testcase classname="testCase.AzamTv" name="AzamTV_MovieSearch" time="43.674"/>
  <testcase classname="testCase.AzamTv" name="AzamTV_Registeration" time="53.156"/>
  <testcase classname="testCase.ChromeBrowser" name="AmazonProductSearch" time="32.697"/>
  <testcase classname="util.Common.BaseClass" name="@BeforeSuite setup" time="0.0">
    <ignored/>
  </testcase> <!-- @BeforeSuite setup -->
  <testcase classname="util.Common.BaseClass" name="@BeforeSuite setup" time="0.0">
    <ignored/>
  </testcase> <!-- @BeforeSuite setup -->
  <testcase classname="util.Common.BaseClass" name="@BeforeSuite setup" time="0.0">
    <ignored/>
  </testcase> <!-- @BeforeSuite setup -->
  <testcase classname="util.Common.BaseClass" name="@AfterSuite tearDown" time="0.0">
    <ignored/>
  </testcase> <!-- @AfterSuite tearDown -->
  <testcase classname="util.Common.BaseClass" name="@AfterSuite tearDown" time="0.0">
    <ignored/>
  </testcase> <!-- @AfterSuite tearDown -->
  <testcase classname="util.Common.BaseClass" name="@AfterSuite tearDown" time="0.0">
    <ignored/>
  </testcase> <!-- @AfterSuite tearDown -->
</testsuite> <!-- Test -->
