<?xml version="1.0" encoding="UTF-8"?>
<!-- Generated by org.testng.reporters.JUnitXMLReporter -->
<testsuite ignored="2" hostname="CESIT-LAP-0135" failures="0" tests="2" name="Test" time="55.335" errors="0" timestamp="2021-09-25T03:34:19 IST">
  <testcase classname="testCase.MovieSearch" name="Test_MovieSearch" time="12.008"/>
  <testcase classname="testCase.UserRegister" name="Test_Registeration" time="22.354"/>
  <testcase classname="baseUtil.BaseClass" name="@AfterSuite tearDown" time="0.0">
    <ignored/>
  </testcase> <!-- @AfterSuite tearDown -->
  <testcase classname="baseUtil.BaseClass" name="@BeforeSuite setup" time="0.0">
    <ignored/>
  </testcase> <!-- @BeforeSuite setup -->
</testsuite> <!-- Test -->
