<?xml version="1.0" encoding="UTF-8"?>
<!-- Generated by org.testng.reporters.JUnitXMLReporter -->
<testsuite ignored="4" hostname="CESIT-LAP-0135" failures="0" tests="4" name="AppiumLocal-Test" time="110.119" errors="0" timestamp="2021-11-19T11:57:26 IST">
  <testcase classname="testCase.ApkInfo" name="ApkinfoMain" time="18.748"/>
  <testcase classname="testCase.AzamTv" name="AzamTV_MovieSearch" time="21.918"/>
  <testcase classname="testCase.AzamTv" name="AzamTV_Registeration" time="36.095"/>
  <testcase classname="testCase.ChromeBrowser" name="AmazonProductSearch" time="31.869"/>
  <testcase classname="util.Common.BaseClass" name="@BeforeSuite setup" time="0.0">
    <ignored/>
  </testcase> <!-- @BeforeSuite setup -->
  <testcase classname="util.Common.BaseClass" name="@BeforeSuite setup" time="0.0">
    <ignored/>
  </testcase> <!-- @BeforeSuite setup -->
  <testcase classname="util.Common.BaseClass" name="@AfterSuite tearDown" time="0.0">
    <ignored/>
  </testcase> <!-- @AfterSuite tearDown -->
  <testcase classname="util.Common.BaseClass" name="@AfterSuite tearDown" time="0.0">
    <ignored/>
  </testcase> <!-- @AfterSuite tearDown -->
</testsuite> <!-- AppiumLocal-Test -->
