<?xml version="1.0" encoding="UTF-8"?>
<testng-results ignored="0" total="1" passed="1" failed="0" skipped="0">
  <reporter-output>
  </reporter-output>
  <suite started-at="2021-09-22T15:23:44 IST" name="Default suite" finished-at="2021-09-22T15:24:07 IST" duration-ms="22936">
    <groups>
    </groups>
    <test started-at="2021-09-22T15:23:44 IST" name="Default test" finished-at="2021-09-22T15:24:07 IST" duration-ms="22936">
      <class name="testCase.UserRegister">
        <test-method is-config="true" signature="setup()[pri:0, instance:testCase.UserRegister@2b48a640]" started-at="2021-09-22T15:23:25 IST" name="setup" finished-at="2021-09-22T15:23:44 IST" duration-ms="19269" status="PASS">
          <reporter-output>
          </reporter-output>
        </test-method> <!-- setup -->
        <test-method signature="Test_Registeration()[pri:0, instance:testCase.UserRegister@2b48a640]" started-at="2021-09-22T15:23:44 IST" name="Test_Registeration" finished-at="2021-09-22T15:24:07 IST" duration-ms="22887" status="PASS">
          <reporter-output>
          </reporter-output>
        </test-method> <!-- Test_Registeration -->
        <test-method is-config="true" signature="tearDown()[pri:0, instance:testCase.UserRegister@2b48a640]" started-at="2021-09-22T15:24:07 IST" name="tearDown" finished-at="2021-09-22T15:24:08 IST" duration-ms="754" status="PASS">
          <reporter-output>
          </reporter-output>
        </test-method> <!-- tearDown -->
      </class> <!-- testCase.UserRegister -->
    </test> <!-- Default test -->
  </suite> <!-- Default suite -->
</testng-results>
