<?xml version="1.0" encoding="UTF-8"?>
<testng-results ignored="4" total="8" passed="4" failed="0" skipped="0">
  <reporter-output>
    <line>
      <![CDATA[
===============================================

Test Suite Started]]>
    </line>
    <line>
      <![CDATA[
===============================================

Test Started - ApkinfoMain]]>
    </line>
    <line>
      <![CDATA[ApkInfo - Aplication is Opening]]>
    </line>
    <line>
      <![CDATA[Scroll to - Duo -  Succesfully]]>
    </line>
    <line>
      <![CDATA[Screenshot Taken : C:\Users\VigneshD\git\CES-Appium\Report-ScreenShot\ScreenShots\ApkinfoMain.png]]>
    </line>
    <line>
      <![CDATA[Scroll to - YouTube -  Succesfully]]>
    </line>
    <line>
      <![CDATA[Test Success : ApkinfoMain]]>
    </line>
    <line>
      <![CDATA[ApkInfo - Aplication is Closing]]>
    </line>
    <line>
      <![CDATA[
===============================================

Test Started - AzamTV_MovieSearch]]>
    </line>
    <line>
      <![CDATA[Azam - Aplication is Opening]]>
    </line>
    <line>
      <![CDATA[Clicked Get Started Button Succesfully]]>
    </line>
    <line>
      <![CDATA[Clicked English Language Button Succesfully]]>
    </line>
    <line>
      <![CDATA[Clicked Continue Button Succesfully]]>
    </line>
    <line>
      <![CDATA[Clicked Movies Tab Button Succesfully]]>
    </line>
    <line>
      <![CDATA[Loaded Movies Tab Succesfully]]>
    </line>
    <line>
      <![CDATA[Screenshot Taken : C:\Users\VigneshD\git\CES-Appium\Report-ScreenShot\ScreenShots\AzamTV_MovieSearch.png]]>
    </line>
    <line>
      <![CDATA[Clicked Bongo Movies number - 3 Succesfully]]>
    </line>
    <line>
      <![CDATA[Clicked Register Button Succesfully]]>
    </line>
    <line>
      <![CDATA[Loaded Register Page Succesfully]]>
    </line>
    <line>
      <![CDATA[Test Success : AzamTV_MovieSearch]]>
    </line>
    <line>
      <![CDATA[Azam - Aplication is Closing]]>
    </line>
    <line>
      <![CDATA[
===============================================

Test Started - AzamTV_Registeration]]>
    </line>
    <line>
      <![CDATA[Azam - Aplication is Opening]]>
    </line>
    <line>
      <![CDATA[Clicked Get Started Button Succesfully]]>
    </line>
    <line>
      <![CDATA[Clicked English Language Button Succesfully]]>
    </line>
    <line>
      <![CDATA[Clicked Continue Button Succesfully]]>
    </line>
    <line>
      <![CDATA[Clicked Login Tab Button Succesfully]]>
    </line>
    <line>
      <![CDATA[Clicked Register Button Succesfully]]>
    </line>
    <line>
      <![CDATA[Loaded Register Page Succesfully]]>
    </line>
    <line>
      <![CDATA[Entered New Register Number - 9600000000 - Succesfully]]>
    </line>
    <line>
      <![CDATA[Clicked Continue Button Succesfully]]>
    </line>
    <line>
      <![CDATA[Entered OTP - 000000 -  Succesfully]]>
    </line>
    <line>
      <![CDATA[Test Success : AzamTV_Registeration]]>
    </line>
    <line>
      <![CDATA[Azam - Aplication is Closing]]>
    </line>
    <line>
      <![CDATA[
===============================================

Test Started - AmazonProductSearch]]>
    </line>
    <line>
      <![CDATA[Chrome - Aplication is Opening]]>
    </line>
    <line>
      <![CDATA[https://www.amazon.in/
Opened in Chrome Browser Succesfully]]>
    </line>
    <line>
      <![CDATA[Switched to WEBVIEW_chrome Succesfully]]>
    </line>
    <line>
      <![CDATA[Screenshot Taken : C:\Users\VigneshD\git\CES-Appium\Report-ScreenShot\ScreenShots\AmazonProductSearch.png]]>
    </line>
    <line>
      <![CDATA[iphoneSearched Succesfully]]>
    </line>
    <line>
      <![CDATA[Switched to NATIVE_APP Succesfully]]>
    </line>
    <line>
      <![CDATA[Test Success : AmazonProductSearch]]>
    </line>
    <line>
      <![CDATA[Chrome - Aplication is Closing]]>
    </line>
  </reporter-output>
  <suite started-at="2021-09-30T19:55:21 IST" name="Suite" finished-at="2021-09-30T19:56:53 IST" duration-ms="91374">
    <groups>
      <group name="Azam.Register">
        <method signature="AzamTv.AzamTV_Registeration()[pri:0, instance:testCase.AzamTv@7e7be63f]" name="AzamTV_Registeration" class="testCase.AzamTv"/>
      </group> <!-- Azam.Register -->
      <group name="chrome.main">
        <method signature="ChromeBrowser.AmazonProductSearch()[pri:0, instance:testCase.ChromeBrowser@6cd28fa7]" name="AmazonProductSearch" class="testCase.ChromeBrowser"/>
      </group> <!-- chrome.main -->
      <group name="Azam.Movies">
        <method signature="AzamTv.AzamTV_MovieSearch()[pri:0, instance:testCase.AzamTv@7e7be63f]" name="AzamTV_MovieSearch" class="testCase.AzamTv"/>
      </group> <!-- Azam.Movies -->
      <group name="ApkInfo.main">
        <method signature="ApkInfo.ApkinfoMain()[pri:0, instance:testCase.ApkInfo@3b6ddd1d]" name="ApkinfoMain" class="testCase.ApkInfo"/>
      </group> <!-- ApkInfo.main -->
    </groups>
    <test started-at="2021-09-30T19:55:21 IST" name="Test" finished-at="2021-09-30T19:56:53 IST" duration-ms="91374">
      <class name="testCase.ApkInfo">
        <test-method is-config="true" signature="setup()[pri:0, instance:testCase.ApkInfo@3b6ddd1d]" started-at="2021-09-30T19:55:20 IST" name="setup" finished-at="2021-09-30T19:55:21 IST" duration-ms="1753" status="PASS">
          <reporter-output>
          </reporter-output>
        </test-method> <!-- setup -->
        <test-method signature="ApkinfoMain()[pri:0, instance:testCase.ApkInfo@3b6ddd1d]" started-at="2021-09-30T19:55:22 IST" name="ApkinfoMain" finished-at="2021-09-30T19:55:38 IST" duration-ms="16528" status="PASS">
          <reporter-output>
            <line>
              <![CDATA[
===============================================

Test Started - ApkinfoMain]]>
            </line>
            <line>
              <![CDATA[ApkInfo - Aplication is Opening]]>
            </line>
            <line>
              <![CDATA[Scroll to - Duo -  Succesfully]]>
            </line>
            <line>
              <![CDATA[Screenshot Taken : C:\Users\VigneshD\git\CES-Appium\Report-ScreenShot\ScreenShots\ApkinfoMain.png]]>
            </line>
            <line>
              <![CDATA[Scroll to - YouTube -  Succesfully]]>
            </line>
            <line>
              <![CDATA[Test Success : ApkinfoMain]]>
            </line>
          </reporter-output>
        </test-method> <!-- ApkinfoMain -->
        <test-method is-config="true" signature="appClose()[pri:0, instance:testCase.ApkInfo@3b6ddd1d]" started-at="2021-09-30T19:55:38 IST" name="appClose" finished-at="2021-09-30T19:55:38 IST" duration-ms="318" status="PASS">
          <reporter-output>
            <line>
              <![CDATA[ApkInfo - Aplication is Closing]]>
            </line>
          </reporter-output>
        </test-method> <!-- appClose -->
        <test-method is-config="true" signature="tearDown()[pri:0, instance:testCase.ApkInfo@3b6ddd1d]" started-at="2021-09-30T19:56:53 IST" name="tearDown" finished-at="2021-09-30T19:56:53 IST" duration-ms="58" status="PASS">
          <reporter-output>
          </reporter-output>
        </test-method> <!-- tearDown -->
      </class> <!-- testCase.ApkInfo -->
      <class name="testCase.AzamTv">
        <test-method signature="AzamTV_MovieSearch()[pri:0, instance:testCase.AzamTv@7e7be63f]" started-at="2021-09-30T19:55:38 IST" name="AzamTV_MovieSearch" finished-at="2021-09-30T19:55:58 IST" duration-ms="19818" status="PASS">
          <reporter-output>
            <line>
              <![CDATA[
===============================================

Test Started - AzamTV_MovieSearch]]>
            </line>
            <line>
              <![CDATA[Azam - Aplication is Opening]]>
            </line>
            <line>
              <![CDATA[Clicked Get Started Button Succesfully]]>
            </line>
            <line>
              <![CDATA[Clicked English Language Button Succesfully]]>
            </line>
            <line>
              <![CDATA[Clicked Continue Button Succesfully]]>
            </line>
            <line>
              <![CDATA[Clicked Movies Tab Button Succesfully]]>
            </line>
            <line>
              <![CDATA[Loaded Movies Tab Succesfully]]>
            </line>
            <line>
              <![CDATA[Screenshot Taken : C:\Users\VigneshD\git\CES-Appium\Report-ScreenShot\ScreenShots\AzamTV_MovieSearch.png]]>
            </line>
            <line>
              <![CDATA[Clicked Bongo Movies number - 3 Succesfully]]>
            </line>
            <line>
              <![CDATA[Clicked Register Button Succesfully]]>
            </line>
            <line>
              <![CDATA[Loaded Register Page Succesfully]]>
            </line>
            <line>
              <![CDATA[Test Success : AzamTV_MovieSearch]]>
            </line>
          </reporter-output>
        </test-method> <!-- AzamTV_MovieSearch -->
        <test-method is-config="true" signature="appClose()[pri:0, instance:testCase.AzamTv@7e7be63f]" started-at="2021-09-30T19:55:58 IST" name="appClose" finished-at="2021-09-30T19:55:59 IST" duration-ms="283" status="PASS">
          <reporter-output>
            <line>
              <![CDATA[Azam - Aplication is Closing]]>
            </line>
          </reporter-output>
        </test-method> <!-- appClose -->
        <test-method signature="AzamTV_Registeration()[pri:0, instance:testCase.AzamTv@7e7be63f]" started-at="2021-09-30T19:55:59 IST" name="AzamTV_Registeration" finished-at="2021-09-30T19:56:31 IST" duration-ms="32294" status="PASS">
          <reporter-output>
            <line>
              <![CDATA[
===============================================

Test Started - AzamTV_Registeration]]>
            </line>
            <line>
              <![CDATA[Azam - Aplication is Opening]]>
            </line>
            <line>
              <![CDATA[Clicked Get Started Button Succesfully]]>
            </line>
            <line>
              <![CDATA[Clicked English Language Button Succesfully]]>
            </line>
            <line>
              <![CDATA[Clicked Continue Button Succesfully]]>
            </line>
            <line>
              <![CDATA[Clicked Login Tab Button Succesfully]]>
            </line>
            <line>
              <![CDATA[Clicked Register Button Succesfully]]>
            </line>
            <line>
              <![CDATA[Loaded Register Page Succesfully]]>
            </line>
            <line>
              <![CDATA[Entered New Register Number - 9600000000 - Succesfully]]>
            </line>
            <line>
              <![CDATA[Clicked Continue Button Succesfully]]>
            </line>
            <line>
              <![CDATA[Entered OTP - 000000 -  Succesfully]]>
            </line>
            <line>
              <![CDATA[Test Success : AzamTV_Registeration]]>
            </line>
          </reporter-output>
        </test-method> <!-- AzamTV_Registeration -->
        <test-method is-config="true" signature="appClose()[pri:0, instance:testCase.AzamTv@7e7be63f]" started-at="2021-09-30T19:56:31 IST" name="appClose" finished-at="2021-09-30T19:56:31 IST" duration-ms="358" status="PASS">
          <reporter-output>
            <line>
              <![CDATA[Azam - Aplication is Closing]]>
            </line>
          </reporter-output>
        </test-method> <!-- appClose -->
      </class> <!-- testCase.AzamTv -->
      <class name="testCase.ChromeBrowser">
        <test-method signature="AmazonProductSearch()[pri:0, instance:testCase.ChromeBrowser@6cd28fa7]" started-at="2021-09-30T19:56:31 IST" name="AmazonProductSearch" finished-at="2021-09-30T19:56:52 IST" duration-ms="21141" status="PASS">
          <reporter-output>
            <line>
              <![CDATA[
===============================================

Test Started - AmazonProductSearch]]>
            </line>
            <line>
              <![CDATA[Chrome - Aplication is Opening]]>
            </line>
            <line>
              <![CDATA[https://www.amazon.in/
Opened in Chrome Browser Succesfully]]>
            </line>
            <line>
              <![CDATA[Switched to WEBVIEW_chrome Succesfully]]>
            </line>
            <line>
              <![CDATA[Screenshot Taken : C:\Users\VigneshD\git\CES-Appium\Report-ScreenShot\ScreenShots\AmazonProductSearch.png]]>
            </line>
            <line>
              <![CDATA[iphoneSearched Succesfully]]>
            </line>
            <line>
              <![CDATA[Switched to NATIVE_APP Succesfully]]>
            </line>
            <line>
              <![CDATA[Test Success : AmazonProductSearch]]>
            </line>
          </reporter-output>
        </test-method> <!-- AmazonProductSearch -->
        <test-method is-config="true" signature="appClose()[pri:0, instance:testCase.ChromeBrowser@6cd28fa7]" started-at="2021-09-30T19:56:52 IST" name="appClose" finished-at="2021-09-30T19:56:53 IST" duration-ms="418" status="PASS">
          <reporter-output>
            <line>
              <![CDATA[Chrome - Aplication is Closing]]>
            </line>
          </reporter-output>
        </test-method> <!-- appClose -->
      </class> <!-- testCase.ChromeBrowser -->
    </test> <!-- Test -->
  </suite> <!-- Suite -->
</testng-results>
